<?xml version="1.0" encoding="UTF-8"?>
<!-- Generated by org.testng.reporters.JUnitXMLReporter -->
<testsuite ignored="0" hostname="Bolofindes-MacBook-Pro.local" failures="4" tests="26" name="Surefire test" time="753.953" errors="0" timestamp="2021-10-12T23:05:32 MDT">
  <testcase classname="alltests.dropdown.DropdownTests" name="testSelectOption" time="0.452"/>
  <testcase classname="alltests.wait.WaitTests" name="testWaitUntilHidden" time="6.131"/>
  <testcase classname="alltests.hover.HoverTests" name="testHoverUser1" time="0.7">
    <failure type="java.lang.AssertionError" message="Caption not displayed expected [true] but found [false]">
      <![CDATA[java.lang.AssertionError: Caption not displayed expected [true] but found [false]
at alltests.hover.HoverTests.testHoverUser1(HoverTests.java:14)
at java.base/java.util.ArrayList.forEach(ArrayList.java:1511)
... Removed 35 stack frames]]>
    </failure>
  </testcase> <!-- testHoverUser1 -->
  <testcase classname="alltests.navigation.NavigationTests" name="testNavigator" time="1.824"/>
  <testcase classname="alltests.navigation.NavigationTests" name="testSwitchTab" time="0.97"/>
  <testcase classname="alltests.frames.FrameTests" name="testWysiwyg" time="41.918"/>
  <testcase classname="alltests.alerts.FileUploadTests" name="testFileUpload" time="0.484">
    <failure type="org.openqa.selenium.InvalidArgumentException" message="invalid argument: File not found : /Users/angie/workspace/test_automation_u/webdriver_java/resources/chromedriver
  (Session info: chrome=94.0.4606.81)
Build info: version: &amp;apos;3.141.59&amp;apos;, revision: &amp;apos;e82be7d358&amp;apos;, time: &amp;apos;2018-11-14T08:17:03&amp;apos;
System info: host: &amp;apos;Bolofindes-MacBook-Pro.local&amp;apos;, ip: &amp;apos;2601:285:c100:e3d0:90bb:f00d:4542:2f74%en0&amp;apos;, os.name: &amp;apos;Mac OS X&amp;apos;, os.arch: &amp;apos;x86_64&amp;apos;, os.version: &amp;apos;11.5&amp;apos;, java.version: &amp;apos;16.0.1&amp;apos;
Driver info: org.openqa.selenium.chrome.ChromeDriver
Capabilities {acceptInsecureCerts: false, browserName: chrome, browserVersion: 94.0.4606.81, chrome: {chromedriverVersion: 94.0.4606.61 (418b78f5838ed..., userDataDir: /var/folders/_t/8jmbmg3x60l...}, goog:chromeOptions: {debuggerAddress: localhost:52271}, javascriptEnabled: true, networkConnectionEnabled: false, pageLoadStrategy: normal, platform: MAC, platformName: MAC, proxy: Proxy(), setWindowRect: true, strictFileInteractability: false, timeouts: {implicit: 0, pageLoad: 300000, script: 30000}, unhandledPromptBehavior: dismiss and notify, webauthn:extension:credBlob: true, webauthn:extension:largeBlob: true, webauthn:virtualAuthenticators: true}
Session ID: 2bb81a98617337aa32ad159a488b4229">
      <![CDATA[org.openqa.selenium.InvalidArgumentException: invalid argument: File not found : /Users/angie/workspace/test_automation_u/webdriver_java/resources/chromedriver
  (Session info: chrome=94.0.4606.81)
Build info: version: '3.141.59', revision: 'e82be7d358', time: '2018-11-14T08:17:03'
System info: host: 'Bolofindes-MacBook-Pro.local', ip: '2601:285:c100:e3d0:90bb:f00d:4542:2f74%en0', os.name: 'Mac OS X', os.arch: 'x86_64', os.version: '11.5', java.version: '16.0.1'
Driver info: org.openqa.selenium.chrome.ChromeDriver
Capabilities {acceptInsecureCerts: false, browserName: chrome, browserVersion: 94.0.4606.81, chrome: {chromedriverVersion: 94.0.4606.61 (418b78f5838ed..., userDataDir: /var/folders/_t/8jmbmg3x60l...}, goog:chromeOptions: {debuggerAddress: localhost:52271}, javascriptEnabled: true, networkConnectionEnabled: false, pageLoadStrategy: normal, platform: MAC, platformName: MAC, proxy: Proxy(), setWindowRect: true, strictFileInteractability: false, timeouts: {implicit: 0, pageLoad: 300000, script: 30000}, unhandledPromptBehavior: dismiss and notify, webauthn:extension:credBlob: true, webauthn:extension:largeBlob: true, webauthn:virtualAuthenticators: true}
Session ID: 2bb81a98617337aa32ad159a488b4229
at org.openqa.selenium.remote.http.W3CHttpResponseCodec.createException(W3CHttpResponseCodec.java:187)
at org.openqa.selenium.remote.http.W3CHttpResponseCodec.decode(W3CHttpResponseCodec.java:122)
at org.openqa.selenium.remote.http.W3CHttpResponseCodec.decode(W3CHttpResponseCodec.java:49)
at org.openqa.selenium.remote.HttpCommandExecutor.execute(HttpCommandExecutor.java:158)
at org.openqa.selenium.remote.service.DriverCommandExecutor.execute(DriverCommandExecutor.java:83)
at org.openqa.selenium.remote.RemoteWebDriver.execute(RemoteWebDriver.java:552)
at org.openqa.selenium.remote.RemoteWebElement.execute(RemoteWebElement.java:285)
at org.openqa.selenium.remote.RemoteWebElement.sendKeys(RemoteWebElement.java:106)
at org.openqa.selenium.support.events.EventFiringWebDriver$EventFiringWebElement.lambda$new$0(EventFiringWebDriver.java:404)
at jdk.proxy2/jdk.proxy2.$Proxy10.sendKeys(Unknown Source)
at org.openqa.selenium.support.events.EventFiringWebDriver$EventFiringWebElement.sendKeys(EventFiringWebDriver.java:429)
at pages.FileUploadPage.uploadFile(FileUploadPage.java:26)
at alltests.alerts.FileUploadTests.testFileUpload(FileUploadTests.java:13)
at java.base/java.util.ArrayList.forEach(ArrayList.java:1511)
... Removed 41 stack frames]]>
    </failure>
  </testcase> <!-- testFileUpload -->
  <testcase classname="alltests.alerts.AlertTests" name="testAcceptAlert" time="0.286">
    <failure type="java.lang.AssertionError" message="Results text incorrect expected [You successfuly clicked an alert] but found [You successfully clicked an alert]">
      <![CDATA[java.lang.AssertionError: Results text incorrect expected [You successfuly clicked an alert] but found [You successfully clicked an alert]
at alltests.alerts.AlertTests.testAcceptAlert(AlertTests.java:15)
at java.base/java.util.ArrayList.forEach(ArrayList.java:1511)
... Removed 36 stack frames]]>
    </failure>
  </testcase> <!-- testAcceptAlert -->
  <testcase classname="alltests.alerts.AlertTests" name="testGetTextFromAlert" time="0.256"/>
  <testcase classname="alltests.alerts.AlertTests" name="testSetInputInAlert" time="0.37"/>
  <testcase classname="alltests.exercises.chapter8.frames.FrameTests" name="testFrameText" time="0.898"/>
  <testcase classname="alltests.exercises.chapter6.slider.SliderTests" name="testSlideToWholeNumber" time="0.812"/>
  <testcase classname="alltests.exercises.chapter7.contextmenu.ContextMenuTests" name="testRightClick" time="0.813"/>
  <testcase classname="alltests.exercises.chapter9.wait.WaitTests" name="testWaitUntilVisible" time="5.901"/>
  <testcase classname="alltests.exercises.chapter10.javascript.JavaScriptTests" name="testAddMultipleAttributeToDropdown" time="0.421"/>
  <testcase classname="alltests.exercises.chapter11.windows.WindowTests" name="testWindowTabs" time="0.487"/>
  <testcase classname="alltests.exercises.chapter4.passwords.ForgotPasswordTests" name="testRetrievePassword" time="10.822">
    <failure type="org.openqa.selenium.NoSuchElementException" message="no such element: Unable to locate element: {&amp;quot;method&amp;quot;:&amp;quot;css selector&amp;quot;,&amp;quot;selector&amp;quot;:&amp;quot;#content&amp;quot;}
  (Session info: chrome=94.0.4606.81)
For documentation on this error, please visit: https://www.seleniumhq.org/exceptions/no_such_element.html
Build info: version: &amp;apos;3.141.59&amp;apos;, revision: &amp;apos;e82be7d358&amp;apos;, time: &amp;apos;2018-11-14T08:17:03&amp;apos;
System info: host: &amp;apos;Bolofindes-MacBook-Pro.local&amp;apos;, ip: &amp;apos;2601:285:c100:e3d0:90bb:f00d:4542:2f74%en0&amp;apos;, os.name: &amp;apos;Mac OS X&amp;apos;, os.arch: &amp;apos;x86_64&amp;apos;, os.version: &amp;apos;11.5&amp;apos;, java.version: &amp;apos;16.0.1&amp;apos;
Driver info: org.openqa.selenium.chrome.ChromeDriver
Capabilities {acceptInsecureCerts: false, browserName: chrome, browserVersion: 94.0.4606.81, chrome: {chromedriverVersion: 94.0.4606.61 (418b78f5838ed..., userDataDir: /var/folders/_t/8jmbmg3x60l...}, goog:chromeOptions: {debuggerAddress: localhost:55119}, javascriptEnabled: true, networkConnectionEnabled: false, pageLoadStrategy: normal, platform: MAC, platformName: MAC, proxy: Proxy(), setWindowRect: true, strictFileInteractability: false, timeouts: {implicit: 0, pageLoad: 300000, script: 30000}, unhandledPromptBehavior: dismiss and notify, webauthn:extension:credBlob: true, webauthn:extension:largeBlob: true, webauthn:virtualAuthenticators: true}
Session ID: 76a848a61991525f3cda50c041be6608
*** Element info: {Using=id, value=content}">
      <![CDATA[org.openqa.selenium.NoSuchElementException: no such element: Unable to locate element: {"method":"css selector","selector":"#content"}
  (Session info: chrome=94.0.4606.81)
For documentation on this error, please visit: https://www.seleniumhq.org/exceptions/no_such_element.html
Build info: version: '3.141.59', revision: 'e82be7d358', time: '2018-11-14T08:17:03'
System info: host: 'Bolofindes-MacBook-Pro.local', ip: '2601:285:c100:e3d0:90bb:f00d:4542:2f74%en0', os.name: 'Mac OS X', os.arch: 'x86_64', os.version: '11.5', java.version: '16.0.1'
Driver info: org.openqa.selenium.chrome.ChromeDriver
Capabilities {acceptInsecureCerts: false, browserName: chrome, browserVersion: 94.0.4606.81, chrome: {chromedriverVersion: 94.0.4606.61 (418b78f5838ed..., userDataDir: /var/folders/_t/8jmbmg3x60l...}, goog:chromeOptions: {debuggerAddress: localhost:55119}, javascriptEnabled: true, networkConnectionEnabled: false, pageLoadStrategy: normal, platform: MAC, platformName: MAC, proxy: Proxy(), setWindowRect: true, strictFileInteractability: false, timeouts: {implicit: 0, pageLoad: 300000, script: 30000}, unhandledPromptBehavior: dismiss and notify, webauthn:extension:credBlob: true, webauthn:extension:largeBlob: true, webauthn:virtualAuthenticators: true}
Session ID: 76a848a61991525f3cda50c041be6608
*** Element info: {Using=id, value=content}
at org.openqa.selenium.remote.http.W3CHttpResponseCodec.createException(W3CHttpResponseCodec.java:187)
at org.openqa.selenium.remote.http.W3CHttpResponseCodec.decode(W3CHttpResponseCodec.java:122)
at org.openqa.selenium.remote.http.W3CHttpResponseCodec.decode(W3CHttpResponseCodec.java:49)
at org.openqa.selenium.remote.HttpCommandExecutor.execute(HttpCommandExecutor.java:158)
at org.openqa.selenium.remote.service.DriverCommandExecutor.execute(DriverCommandExecutor.java:83)
at org.openqa.selenium.remote.RemoteWebDriver.execute(RemoteWebDriver.java:552)
at org.openqa.selenium.remote.RemoteWebDriver.findElement(RemoteWebDriver.java:323)
at org.openqa.selenium.remote.RemoteWebDriver.findElementById(RemoteWebDriver.java:372)
at org.openqa.selenium.By$ById.findElement(By.java:188)
at org.openqa.selenium.remote.RemoteWebDriver.findElement(RemoteWebDriver.java:315)
at org.openqa.selenium.support.events.EventFiringWebDriver.lambda$new$1(EventFiringWebDriver.java:105)
at jdk.proxy2/jdk.proxy2.$Proxy9.findElement(Unknown Source)
at org.openqa.selenium.support.events.EventFiringWebDriver.findElement(EventFiringWebDriver.java:194)
at pages.EmailSentPage.getMessage(EmailSentPage.java:16)
at alltests.exercises.chapter4.passwords.ForgotPasswordTests.testRetrievePassword(ForgotPasswordTests.java:14)
at java.base/java.util.ArrayList.forEach(ArrayList.java:1511)
... Removed 40 stack frames]]>
    </failure>
  </testcase> <!-- testRetrievePassword -->
  <testcase classname="alltests.keys.KeysTests" name="testBackspace" time="0.395"/>
  <testcase classname="alltests.keys.KeysTests" name="testPi" time="0.243"/>
  <testcase classname="alltests.javascript.JavaScriptTests" name="testScrollToFifthParagraph" time="0.718"/>
  <testcase classname="alltests.javascript.JavaScriptTests" name="testScrollToTable" time="0.724"/>
  <testcase classname="alltests.login.LoginTests" name="testSuccessfulLogin" time="1.221"/>
  <testcase classname="alltests.login.LoginTests" name="testUnsuccessfulLogin" time="0.806"/>
  <testcase classname="apitests.ArticleTests" name="getAallArticles" time="1.881"/>
  <testcase classname="apitests.ArticleTests" name="login" time="2.968"/>
  <testcase classname="apitests.ArticleTests" name="testCreateArticle" time="0.841"/>
</testsuite> <!-- Surefire test -->
