<!DOCTYPE html PUBLIC "-//W3C//DTD XHTML 1.1//EN" "http://www.w3.org/TR/xhtml11/DTD/xhtml11.dtd">
<html xmlns="http://www.w3.org/1999/xhtml">
<head>
<meta http-equiv="content-type" content="text/html; charset=UTF-8"/>
<title>TestNG Report</title>
<style type="text/css">table {margin-bottom:10px;border-collapse:collapse;empty-cells:show}th,td {border:1px solid #009;padding:.25em .5em}th {vertical-align:bottom}td {vertical-align:top}table a {font-weight:bold}.stripe td {background-color: #E6EBF9}.num {text-align:right}.passedodd td {background-color: #3F3}.passedeven td {background-color: #0A0}.skippedodd td {background-color: #DDD}.skippedeven td {background-color: #CCC}.failedodd td,.attn {background-color: #F33}.failedeven td,.stripe .attn {background-color: #D00}.stacktrace {white-space:pre;font-family:monospace}.totop {font-size:85%;text-align:center;border-bottom:2px solid #000}.invisible {display:none}</style>
</head>
<body>
<table>
<tr><th>Test</th><th># Passed</th><th># Skipped</th><th># Retried</th><th># Failed</th><th>Time (ms)</th><th>Included Groups</th><th>Excluded Groups</th></tr>
<tr><th colspan="8">Surefire suite</th></tr>
<tr><td><a href="#t0">Surefire test</a></td><td class="num">22</td><td class="num">0</td><td class="num">0</td><td class="num attn">4</td><td class="num">753,953</td><td></td><td></td></tr>
</table>
<table id='summary'><thead><tr><th>Class</th><th>Method</th><th>Start</th><th>Time (ms)</th></tr></thead><tbody><tr><th colspan="4">Surefire suite</th></tr></tbody><tbody id="t0"><tr><th colspan="4">Surefire test &#8212; failed</th></tr><tr class="failedeven"><td rowspan="1">alltests.alerts.AlertTests</td><td><a href="#m0">testAcceptAlert</a></td><td rowspan="1">1634100861329</td><td rowspan="1">286</td></tr><tr class="failedodd"><td rowspan="1">alltests.alerts.FileUploadTests</td><td><a href="#m1">testFileUpload</a></td><td rowspan="1">1634100857850</td><td rowspan="1">484</td></tr><tr class="failedeven"><td rowspan="1">alltests.exercises.chapter4.passwords.ForgotPasswordTests</td><td><a href="#m2">testRetrievePassword</a></td><td rowspan="1">1634101497687</td><td rowspan="1">10822</td></tr><tr class="failedodd"><td rowspan="1">alltests.hover.HoverTests</td><td><a href="#m3">testHoverUser1</a></td><td rowspan="1">1634100800044</td><td rowspan="1">700</td></tr><tr><th colspan="4">Surefire test &#8212; passed</th></tr><tr class="passedeven"><td rowspan="2">alltests.alerts.AlertTests</td><td><a href="#m4">testGetTextFromAlert</a></td><td rowspan="1">1634100862347</td><td rowspan="1">256</td></tr><tr class="passedeven"><td><a href="#m5">testSetInputInAlert</a></td><td rowspan="1">1634100863101</td><td rowspan="1">370</td></tr><tr class="passedodd"><td rowspan="1">alltests.dropdown.DropdownTests</td><td><a href="#m6">testSelectOption</a></td><td rowspan="1">1634100783588</td><td rowspan="1">452</td></tr><tr class="passedeven"><td rowspan="1">alltests.exercises.chapter10.javascript.JavaScriptTests</td><td><a href="#m7">testAddMultipleAttributeToDropdown</a></td><td rowspan="1">1634101489968</td><td rowspan="1">421</td></tr><tr class="passedodd"><td rowspan="1">alltests.exercises.chapter11.windows.WindowTests</td><td><a href="#m8">testWindowTabs</a></td><td rowspan="1">1634101493697</td><td rowspan="1">487</td></tr><tr class="passedeven"><td rowspan="1">alltests.exercises.chapter6.slider.SliderTests</td><td><a href="#m9">testSlideToWholeNumber</a></td><td rowspan="1">1634100870790</td><td rowspan="1">812</td></tr><tr class="passedodd"><td rowspan="1">alltests.exercises.chapter7.contextmenu.ContextMenuTests</td><td><a href="#m10">testRightClick</a></td><td rowspan="1">1634101475871</td><td rowspan="1">813</td></tr><tr class="passedeven"><td rowspan="1">alltests.exercises.chapter8.frames.FrameTests</td><td><a href="#m11">testFrameText</a></td><td rowspan="1">1634100866359</td><td rowspan="1">898</td></tr><tr class="passedodd"><td rowspan="1">alltests.exercises.chapter9.wait.WaitTests</td><td><a href="#m12">testWaitUntilVisible</a></td><td rowspan="1">1634101480294</td><td rowspan="1">5901</td></tr><tr class="passedeven"><td rowspan="1">alltests.frames.FrameTests</td><td><a href="#m13">testWysiwyg</a></td><td rowspan="1">1634100812689</td><td rowspan="1">41918</td></tr><tr class="passedodd"><td rowspan="2">alltests.javascript.JavaScriptTests</td><td><a href="#m14">testScrollToFifthParagraph</a></td><td rowspan="1">1634101517083</td><td rowspan="1">718</td></tr><tr class="passedodd"><td><a href="#m15">testScrollToTable</a></td><td rowspan="1">1634101518520</td><td rowspan="1">724</td></tr><tr class="passedeven"><td rowspan="2">alltests.keys.KeysTests</td><td><a href="#m16">testBackspace</a></td><td rowspan="1">1634101511602</td><td rowspan="1">395</td></tr><tr class="passedeven"><td><a href="#m17">testPi</a></td><td rowspan="1">1634101512543</td><td rowspan="1">243</td></tr><tr class="passedodd"><td rowspan="2">alltests.login.LoginTests</td><td><a href="#m18">testSuccessfulLogin</a></td><td rowspan="1">1634101523532</td><td rowspan="1">1221</td></tr><tr class="passedodd"><td><a href="#m19">testUnsuccessfulLogin</a></td><td rowspan="1">1634101525232</td><td rowspan="1">806</td></tr><tr class="passedeven"><td rowspan="2">alltests.navigation.NavigationTests</td><td><a href="#m20">testNavigator</a></td><td rowspan="1">1634100804602</td><td rowspan="1">1824</td></tr><tr class="passedeven"><td><a href="#m21">testSwitchTab</a></td><td rowspan="1">1634100807460</td><td rowspan="1">970</td></tr><tr class="passedodd"><td rowspan="1">alltests.wait.WaitTests</td><td><a href="#m22">testWaitUntilHidden</a></td><td rowspan="1">1634100789104</td><td rowspan="1">6131</td></tr><tr class="passedeven"><td rowspan="3">apitests.ArticleTests</td><td><a href="#m23">getAallArticles</a></td><td rowspan="1">1634101526263</td><td rowspan="1">1881</td></tr><tr class="passedeven"><td><a href="#m24">login</a></td><td rowspan="1">1634101528144</td><td rowspan="1">2968</td></tr><tr class="passedeven"><td><a href="#m25">testCreateArticle</a></td><td rowspan="1">1634101531112</td><td rowspan="1">841</td></tr></tbody>
</table>
<h2>Surefire test</h2><h3 id="m0">alltests.alerts.AlertTests#testAcceptAlert</h3><table class="result"><tr><th>Exception</th></tr><tr><td><div class="stacktrace">java.lang.AssertionError: Results text incorrect expected [You successfuly clicked an alert] but found [You successfully clicked an alert]
	at alltests.alerts.AlertTests.testAcceptAlert(AlertTests.java:15)
	at java.base/java.util.ArrayList.forEach(ArrayList.java:1511)
... Removed 36 stack frames</div></td></tr></table><p class="totop"><a href="#summary">back to summary</a></p>
<h3 id="m1">alltests.alerts.FileUploadTests#testFileUpload</h3><table class="result"><tr><th>Exception</th></tr><tr><td><div class="stacktrace">org.openqa.selenium.InvalidArgumentException: invalid argument: File not found : /Users/angie/workspace/test_automation_u/webdriver_java/resources/chromedriver
  (Session info: chrome=94.0.4606.81)
Build info: version: &apos;3.141.59&apos;, revision: &apos;e82be7d358&apos;, time: &apos;2018-11-14T08:17:03&apos;
System info: host: &apos;Bolofindes-MacBook-Pro.local&apos;, ip: &apos;2601:285:c100:e3d0:90bb:f00d:4542:2f74%en0&apos;, os.name: &apos;Mac OS X&apos;, os.arch: &apos;x86_64&apos;, os.version: &apos;11.5&apos;, java.version: &apos;16.0.1&apos;
Driver info: org.openqa.selenium.chrome.ChromeDriver
Capabilities {acceptInsecureCerts: false, browserName: chrome, browserVersion: 94.0.4606.81, chrome: {chromedriverVersion: 94.0.4606.61 (418b78f5838ed..., userDataDir: /var/folders/_t/8jmbmg3x60l...}, goog:chromeOptions: {debuggerAddress: localhost:52271}, javascriptEnabled: true, networkConnectionEnabled: false, pageLoadStrategy: normal, platform: MAC, platformName: MAC, proxy: Proxy(), setWindowRect: true, strictFileInteractability: false, timeouts: {implicit: 0, pageLoad: 300000, script: 30000}, unhandledPromptBehavior: dismiss and notify, webauthn:extension:credBlob: true, webauthn:extension:largeBlob: true, webauthn:virtualAuthenticators: true}
Session ID: 2bb81a98617337aa32ad159a488b4229
	at org.openqa.selenium.remote.http.W3CHttpResponseCodec.createException(W3CHttpResponseCodec.java:187)
	at org.openqa.selenium.remote.http.W3CHttpResponseCodec.decode(W3CHttpResponseCodec.java:122)
	at org.openqa.selenium.remote.http.W3CHttpResponseCodec.decode(W3CHttpResponseCodec.java:49)
	at org.openqa.selenium.remote.HttpCommandExecutor.execute(HttpCommandExecutor.java:158)
	at org.openqa.selenium.remote.service.DriverCommandExecutor.execute(DriverCommandExecutor.java:83)
	at org.openqa.selenium.remote.RemoteWebDriver.execute(RemoteWebDriver.java:552)
	at org.openqa.selenium.remote.RemoteWebElement.execute(RemoteWebElement.java:285)
	at org.openqa.selenium.remote.RemoteWebElement.sendKeys(RemoteWebElement.java:106)
	at org.openqa.selenium.support.events.EventFiringWebDriver$EventFiringWebElement.lambda$new$0(EventFiringWebDriver.java:404)
	at jdk.proxy2/jdk.proxy2.$Proxy10.sendKeys(Unknown Source)
	at org.openqa.selenium.support.events.EventFiringWebDriver$EventFiringWebElement.sendKeys(EventFiringWebDriver.java:429)
	at pages.FileUploadPage.uploadFile(FileUploadPage.java:26)
	at alltests.alerts.FileUploadTests.testFileUpload(FileUploadTests.java:13)
	at java.base/java.util.ArrayList.forEach(ArrayList.java:1511)
... Removed 41 stack frames</div></td></tr></table><p class="totop"><a href="#summary">back to summary</a></p>
<h3 id="m2">alltests.exercises.chapter4.passwords.ForgotPasswordTests#testRetrievePassword</h3><table class="result"><tr><th>Exception</th></tr><tr><td><div class="stacktrace">org.openqa.selenium.NoSuchElementException: no such element: Unable to locate element: {&quot;method&quot;:&quot;css selector&quot;,&quot;selector&quot;:&quot;#content&quot;}
  (Session info: chrome=94.0.4606.81)
For documentation on this error, please visit: https://www.seleniumhq.org/exceptions/no_such_element.html
Build info: version: &apos;3.141.59&apos;, revision: &apos;e82be7d358&apos;, time: &apos;2018-11-14T08:17:03&apos;
System info: host: &apos;Bolofindes-MacBook-Pro.local&apos;, ip: &apos;2601:285:c100:e3d0:90bb:f00d:4542:2f74%en0&apos;, os.name: &apos;Mac OS X&apos;, os.arch: &apos;x86_64&apos;, os.version: &apos;11.5&apos;, java.version: &apos;16.0.1&apos;
Driver info: org.openqa.selenium.chrome.ChromeDriver
Capabilities {acceptInsecureCerts: false, browserName: chrome, browserVersion: 94.0.4606.81, chrome: {chromedriverVersion: 94.0.4606.61 (418b78f5838ed..., userDataDir: /var/folders/_t/8jmbmg3x60l...}, goog:chromeOptions: {debuggerAddress: localhost:55119}, javascriptEnabled: true, networkConnectionEnabled: false, pageLoadStrategy: normal, platform: MAC, platformName: MAC, proxy: Proxy(), setWindowRect: true, strictFileInteractability: false, timeouts: {implicit: 0, pageLoad: 300000, script: 30000}, unhandledPromptBehavior: dismiss and notify, webauthn:extension:credBlob: true, webauthn:extension:largeBlob: true, webauthn:virtualAuthenticators: true}
Session ID: 76a848a61991525f3cda50c041be6608
*** Element info: {Using=id, value=content}
	at org.openqa.selenium.remote.http.W3CHttpResponseCodec.createException(W3CHttpResponseCodec.java:187)
	at org.openqa.selenium.remote.http.W3CHttpResponseCodec.decode(W3CHttpResponseCodec.java:122)
	at org.openqa.selenium.remote.http.W3CHttpResponseCodec.decode(W3CHttpResponseCodec.java:49)
	at org.openqa.selenium.remote.HttpCommandExecutor.execute(HttpCommandExecutor.java:158)
	at org.openqa.selenium.remote.service.DriverCommandExecutor.execute(DriverCommandExecutor.java:83)
	at org.openqa.selenium.remote.RemoteWebDriver.execute(RemoteWebDriver.java:552)
	at org.openqa.selenium.remote.RemoteWebDriver.findElement(RemoteWebDriver.java:323)
	at org.openqa.selenium.remote.RemoteWebDriver.findElementById(RemoteWebDriver.java:372)
	at org.openqa.selenium.By$ById.findElement(By.java:188)
	at org.openqa.selenium.remote.RemoteWebDriver.findElement(RemoteWebDriver.java:315)
	at org.openqa.selenium.support.events.EventFiringWebDriver.lambda$new$1(EventFiringWebDriver.java:105)
	at jdk.proxy2/jdk.proxy2.$Proxy9.findElement(Unknown Source)
	at org.openqa.selenium.support.events.EventFiringWebDriver.findElement(EventFiringWebDriver.java:194)
	at pages.EmailSentPage.getMessage(EmailSentPage.java:16)
	at alltests.exercises.chapter4.passwords.ForgotPasswordTests.testRetrievePassword(ForgotPasswordTests.java:14)
	at java.base/java.util.ArrayList.forEach(ArrayList.java:1511)
... Removed 40 stack frames</div></td></tr></table><p class="totop"><a href="#summary">back to summary</a></p>
<h3 id="m3">alltests.hover.HoverTests#testHoverUser1</h3><table class="result"><tr><th>Exception</th></tr><tr><td><div class="stacktrace">java.lang.AssertionError: Caption not displayed expected [true] but found [false]
	at alltests.hover.HoverTests.testHoverUser1(HoverTests.java:14)
	at java.base/java.util.ArrayList.forEach(ArrayList.java:1511)
... Removed 35 stack frames</div></td></tr></table><p class="totop"><a href="#summary">back to summary</a></p>
<h3 id="m4">alltests.alerts.AlertTests#testGetTextFromAlert</h3><table class="result"><tr><th class="invisible"/></tr></table><p class="totop"><a href="#summary">back to summary</a></p>
<h3 id="m5">alltests.alerts.AlertTests#testSetInputInAlert</h3><table class="result"><tr><th class="invisible"/></tr></table><p class="totop"><a href="#summary">back to summary</a></p>
<h3 id="m6">alltests.dropdown.DropdownTests#testSelectOption</h3><table class="result"><tr><th class="invisible"/></tr></table><p class="totop"><a href="#summary">back to summary</a></p>
<h3 id="m7">alltests.exercises.chapter10.javascript.JavaScriptTests#testAddMultipleAttributeToDropdown</h3><table class="result"><tr><th class="invisible"/></tr></table><p class="totop"><a href="#summary">back to summary</a></p>
<h3 id="m8">alltests.exercises.chapter11.windows.WindowTests#testWindowTabs</h3><table class="result"><tr><th class="invisible"/></tr></table><p class="totop"><a href="#summary">back to summary</a></p>
<h3 id="m9">alltests.exercises.chapter6.slider.SliderTests#testSlideToWholeNumber</h3><table class="result"><tr><th class="invisible"/></tr></table><p class="totop"><a href="#summary">back to summary</a></p>
<h3 id="m10">alltests.exercises.chapter7.contextmenu.ContextMenuTests#testRightClick</h3><table class="result"><tr><th class="invisible"/></tr></table><p class="totop"><a href="#summary">back to summary</a></p>
<h3 id="m11">alltests.exercises.chapter8.frames.FrameTests#testFrameText</h3><table class="result"><tr><th class="invisible"/></tr></table><p class="totop"><a href="#summary">back to summary</a></p>
<h3 id="m12">alltests.exercises.chapter9.wait.WaitTests#testWaitUntilVisible</h3><table class="result"><tr><th class="invisible"/></tr></table><p class="totop"><a href="#summary">back to summary</a></p>
<h3 id="m13">alltests.frames.FrameTests#testWysiwyg</h3><table class="result"><tr><th class="invisible"/></tr></table><p class="totop"><a href="#summary">back to summary</a></p>
<h3 id="m14">alltests.javascript.JavaScriptTests#testScrollToFifthParagraph</h3><table class="result"><tr><th class="invisible"/></tr></table><p class="totop"><a href="#summary">back to summary</a></p>
<h3 id="m15">alltests.javascript.JavaScriptTests#testScrollToTable</h3><table class="result"><tr><th class="invisible"/></tr></table><p class="totop"><a href="#summary">back to summary</a></p>
<h3 id="m16">alltests.keys.KeysTests#testBackspace</h3><table class="result"><tr><th class="invisible"/></tr></table><p class="totop"><a href="#summary">back to summary</a></p>
<h3 id="m17">alltests.keys.KeysTests#testPi</h3><table class="result"><tr><th class="invisible"/></tr></table><p class="totop"><a href="#summary">back to summary</a></p>
<h3 id="m18">alltests.login.LoginTests#testSuccessfulLogin</h3><table class="result"><tr><th class="invisible"/></tr></table><p class="totop"><a href="#summary">back to summary</a></p>
<h3 id="m19">alltests.login.LoginTests#testUnsuccessfulLogin</h3><table class="result"><tr><th class="invisible"/></tr></table><p class="totop"><a href="#summary">back to summary</a></p>
<h3 id="m20">alltests.navigation.NavigationTests#testNavigator</h3><table class="result"><tr><th class="invisible"/></tr></table><p class="totop"><a href="#summary">back to summary</a></p>
<h3 id="m21">alltests.navigation.NavigationTests#testSwitchTab</h3><table class="result"><tr><th class="invisible"/></tr></table><p class="totop"><a href="#summary">back to summary</a></p>
<h3 id="m22">alltests.wait.WaitTests#testWaitUntilHidden</h3><table class="result"><tr><th class="invisible"/></tr></table><p class="totop"><a href="#summary">back to summary</a></p>
<h3 id="m23">apitests.ArticleTests#getAallArticles</h3><table class="result"><tr><th class="invisible"/></tr></table><p class="totop"><a href="#summary">back to summary</a></p>
<h3 id="m24">apitests.ArticleTests#login</h3><table class="result"><tr><th class="invisible"/></tr></table><p class="totop"><a href="#summary">back to summary</a></p>
<h3 id="m25">apitests.ArticleTests#testCreateArticle</h3><table class="result"><tr><th class="invisible"/></tr></table><p class="totop"><a href="#summary">back to summary</a></p>
</body>
</html>
